#
# An unexpected error has been detected by Java Runtime Environment:
#
#  EXCEPTION_ACCESS_VIOLATION (0xc0000005) at pc=0x79a82baf, pid=3648, tid=3844
#
# Java VM: Java HotSpot(TM) Client VM (10.0-b19 mixed mode windows-x86)
# Problematic frame:
# C  [mcr.dll+0x2baf]
#
# If you would like to submit a bug report, please visit:
#   http://java.sun.com/webapps/bugreport/crash.jsp
# The crash happened outside the Java Virtual Machine in native code.
# See problematic frame for where to report the bug.
#

---------------  T H R E A D  ---------------

Current thread (0x053d2000):  JavaThread "main" [_thread_in_native, id=3844, stack(0x00430000,0x00c30000)]

siginfo: ExceptionCode=0xc0000005, reading address 0x0000002c

Registers:
EAX=0x0000002c, EBX=0x00000001, ECX=0x1c08b5d0, EDX=0x01140048
ESP=0x00c2edf0, EBP=0x00c2ee04, ESI=0x1c08b5d0, EDI=0x00000000
EIP=0x79a82baf, EFLAGS=0x00010202

Top of Stack: (sp=0x00c2edf0)
0x00c2edf0:   00000000 1c08b5d0 00c2ee28 79ab0d91
0x00c2ee00:   ffffffff 00c2ee34 79aa998b 0000002c
0x00c2ee10:   7b3868de 00c2f368 00c2ee48 00c2ef48
0x00c2ee20:   00c2ef74 1c08b5d0 00c2f38c 79ab33db
0x00c2ee30:   00000000 00c2ee48 79a81f6c 00000001
0x00c2ee40:   00000000 00000000 00c2f398 79aadaf9
0x00c2ee50:   011bce28 00000001 7b3868de 00000000
0x00c2ee60:   00000000 00000000 00000002 00c2eed4 

Instructions: (pc=0x79a82baf)
0x79a82b9f:   00 50 64 89 25 00 00 00 00 51 8b 45 08 56 8b f1
0x79a82baf:   8b 08 89 0e 8b 50 04 89 56 04 8b 48 08 89 4e 08 


Stack: [0x00430000,0x00c30000],  sp=0x00c2edf0,  free space=8187k
Native frames: (J=compiled Java code, j=interpreted, Vv=VM code, C=native code)
C  [mcr.dll+0x2baf]
C  [mcr.dll+0x2998b]
C  [mcr.dll+0x1f6c]
C  [mcr.dll+0x2daf9]
C  [mcr.dll+0x2ddf7]
C  [m_dispatcher.dll+0x6dac]
C  [m_dispatcher.dll+0x6eb1]
C  [m_dispatcher.dll+0x3f6b]
C  [m_dispatcher.dll+0x6dac]
C  [m_dispatcher.dll+0x6eb1]
C  [m_interpreter.dll+0xa6fcd]
C  [m_interpreter.dll+0xa1da6]
C  [m_interpreter.dll+0x111f1]
C  [nativejmi.dll+0x27b2]
C  [nativejmi.dll+0x2f32]
C  [nativejmi.dll+0x29ea]
C  [nativejmi.dll+0x6ebd]
C  [nativejmi.dll+0x6f83]
v  ~BufferBlob::Interpreter
v  ~BufferBlob::Interpreter
v  ~BufferBlob::Interpreter
v  ~BufferBlob::Interpreter
v  ~BufferBlob::Interpreter
v  ~BufferBlob::Interpreter
v  ~BufferBlob::StubRoutines (1)

Java frames: (J=compiled Java code, j=interpreted, Vv=VM code)
v  ~BufferBlob::Interpreter
v  ~BufferBlob::Interpreter
v  ~BufferBlob::Interpreter
v  ~BufferBlob::Interpreter
v  ~BufferBlob::Interpreter
v  ~BufferBlob::Interpreter
v  ~BufferBlob::StubRoutines (1)

---------------  P R O C E S S  ---------------

Java Threads: ( => current thread )
  0x0bd5e000 JavaThread "Timer-7" daemon [_thread_blocked, id=6424, stack(0x0dbf0000,0x0dc70000)]
  0x0bb22400 JavaThread "Timer-1" [_thread_blocked, id=10224, stack(0x0c830000,0x0c8b0000)]
  0x0b775c00 JavaThread "TimerQueue" daemon [_thread_blocked, id=6520, stack(0x0c770000,0x0c7f0000)]
  0x05495c00 JavaThread "AWT-EventQueue-0" [_thread_blocked, id=9148, stack(0x0c690000,0x0c710000)]
  0x05495800 JavaThread "AWT-Shutdown" [_thread_blocked, id=10072, stack(0x0c5d0000,0x0c650000)]
  0x0548b400 JavaThread "Image Fetcher 2" daemon [_thread_blocked, id=10192, stack(0x0c350000,0x0c3d0000)]
  0x0b7e8400 JavaThread "Image Fetcher 3" daemon [_thread_blocked, id=10188, stack(0x0cae0000,0x0cb60000)]
  0x0ba05000 JavaThread "AWT-Windows" daemon [_thread_in_native, id=10184, stack(0x0c410000,0x0c490000)]
  0x0ba07400 JavaThread "Java2D Disposer" daemon [_thread_blocked, id=5816, stack(0x0c290000,0x0c310000)]
  0x0b37dc00 JavaThread "Timer-0" [_thread_blocked, id=9712, stack(0x0b520000,0x0b5a0000)]
  0x0b333c00 JavaThread "JMI Unnamed Thread" [_thread_in_native, id=9648, stack(0x04bc0000,0x053c0000)]
  0x0547b000 JavaThread "Low Memory Detector" daemon [_thread_blocked, id=5836, stack(0x079a0000,0x07a20000)]
  0x05476c00 JavaThread "CompilerThread0" daemon [_thread_blocked, id=9972, stack(0x0a320000,0x0ab20000)]
  0x0546e000 JavaThread "Attach Listener" daemon [_thread_blocked, id=9720, stack(0x07870000,0x078f0000)]
  0x05453800 JavaThread "Finalizer" daemon [_thread_blocked, id=5328, stack(0x077b0000,0x07830000)]
  0x05452800 JavaThread "Reference Handler" daemon [_thread_blocked, id=9884, stack(0x04ac0000,0x04b40000)]
=>0x053d2000 JavaThread "main" [_thread_in_native, id=3844, stack(0x00430000,0x00c30000)]

Other Threads:
  0x0544e000 VMThread [stack: 0x09b20000,0x0a320000] [id=8564]
  0x0548c000 WatcherThread [stack: 0x0ab20000,0x0b320000] [id=9684]

VM state:not at safepoint (normal execution)

VM Mutex/Monitor currently owned by a thread: None

Heap
 def new generation   total 14784K, used 3227K [0x10010000, 0x11010000, 0x12010000)
  eden space 13184K,  15% used [0x10010000, 0x10211878, 0x10cf0000)
  from space 1600K,  73% used [0x10e80000, 0x10fa56f0, 0x11010000)
  to   space 1600K,   0% used [0x10cf0000, 0x10cf0000, 0x10e80000)
 tenured generation   total 49152K, used 16487K [0x12010000, 0x15010000, 0x18010000)
   the space 49152K,  33% used [0x12010000, 0x13029ff8, 0x1302a000, 0x15010000)
 compacting perm gen  total 32768K, used 21580K [0x18010000, 0x1a010000, 0x1c010000)
   the space 32768K,  65% used [0x18010000, 0x19523310, 0x19523400, 0x1a010000)
No shared spaces configured.

Dynamic libraries:
0x00400000 - 0x0042f000 	C:\Program Files (x86)\MATLAB\R2009a Student\bin\win32\matlab.exe
0x772f0000 - 0x77470000 	C:\Windows\SysWOW64\ntdll.dll
0x75a90000 - 0x75ba0000 	C:\Windows\syswow64\kernel32.dll
0x75f60000 - 0x75fa7000 	C:\Windows\syswow64\KERNELBASE.dll
0x7b280000 - 0x7b34a000 	C:\Program Files (x86)\MATLAB\R2009a Student\bin\win32\libut.dll
0x76060000 - 0x7608a000 	C:\Windows\syswow64\imagehlp.dll
0x75fb0000 - 0x7605c000 	C:\Windows\syswow64\msvcrt.dll
0x75ba0000 - 0x75c40000 	C:\Windows\syswow64\ADVAPI32.dll
0x76090000 - 0x760a9000 	C:\Windows\SysWOW64\sechost.dll
0x75ca0000 - 0x75d90000 	C:\Windows\syswow64\RPCRT4.dll
0x749d0000 - 0x74a30000 	C:\Windows\syswow64\SspiCli.dll
0x749c0000 - 0x749cc000 	C:\Windows\syswow64\CRYPTBASE.dll
0x76510000 - 0x76515000 	C:\Windows\syswow64\PSAPI.DLL
0x7bba0000 - 0x7bbbf000 	C:\Program Files (x86)\MATLAB\R2009a Student\bin\win32\LIBEXPAT.dll
0x746a0000 - 0x7473b000 	C:\Windows\WinSxS\x86_microsoft.vc80.crt_1fc8b3b9a1e18e3b_8.0.50727.6195_none_d09154e044272b9a\MSVCR80.dll
0x7b6b0000 - 0x7b791000 	C:\Program Files (x86)\MATLAB\R2009a Student\bin\win32\icuuc38.dll
0x7ad90000 - 0x7ad94000 	C:\Program Files (x86)\MATLAB\R2009a Student\bin\win32\icudt38.dll
0x7ada0000 - 0x7adac000 	C:\Program Files (x86)\MATLAB\R2009a Student\bin\win32\icuio38.dll
0x7afe0000 - 0x7b0c4000 	C:\Program Files (x86)\MATLAB\R2009a Student\bin\win32\icuin38.dll
0x74740000 - 0x747c7000 	C:\Windows\WinSxS\x86_microsoft.vc80.crt_1fc8b3b9a1e18e3b_8.0.50727.6195_none_d09154e044272b9a\MSVCP80.dll
0x766b0000 - 0x767b0000 	C:\Windows\syswow64\USER32.dll
0x74ab0000 - 0x74b40000 	C:\Windows\syswow64\GDI32.dll
0x74b80000 - 0x74b8a000 	C:\Windows\syswow64\LPK.dll
0x767b0000 - 0x7684e000 	C:\Windows\syswow64\USP10.dll
0x782e0000 - 0x78317000 	C:\Program Files (x86)\MATLAB\R2009a Student\bin\win32\libmwfl.dll
0x10000000 - 0x1000e000 	C:\Program Files (x86)\MATLAB\R2009a Student\bin\win32\boost_date_time-vc80-mt-1_36.dll
0x00180000 - 0x00190000 	C:\Program Files (x86)\MATLAB\R2009a Student\bin\win32\boost_signals-vc80-mt-1_36.dll
0x001a0000 - 0x001a7000 	C:\Program Files (x86)\MATLAB\R2009a Student\bin\win32\boost_system-vc80-mt-1_36.dll
0x001c0000 - 0x001cc000 	C:\Program Files (x86)\MATLAB\R2009a Student\bin\win32\boost_thread-vc80-mt-1_36.dll
0x7b3b0000 - 0x7b59a000 	C:\Program Files (x86)\MATLAB\R2009a Student\bin\win32\libmwservices.dll
0x7b350000 - 0x7b3aa000 	C:\Program Files (x86)\MATLAB\R2009a Student\bin\win32\libmx.dll
0x787a0000 - 0x787b3000 	C:\Program Files (x86)\MATLAB\R2009a Student\bin\win32\zlib1.dll
0x7b5a0000 - 0x7b6af000 	C:\Program Files (x86)\MATLAB\R2009a Student\bin\win32\libmwmathutil.dll
0x79510000 - 0x79543000 	C:\Program Files (x86)\MATLAB\R2009a Student\bin\win32\mpath.dll
0x6fef0000 - 0x6ff1f000 	C:\Program Files (x86)\MATLAB\R2009a Student\bin\win32\mlutil.dll
0x00230000 - 0x00269000 	C:\Program Files (x86)\MATLAB\R2009a Student\bin\win32\tbb.dll
0x6fcc0000 - 0x6fd44000 	C:\Windows\WinSxS\x86_microsoft.windows.common-controls_6595b64144ccf1df_5.82.7600.16661_none_ebfb56996c72aefc\COMCTL32.dll
0x74a30000 - 0x74aab000 	C:\Windows\syswow64\comdlg32.dll
0x76530000 - 0x76587000 	C:\Windows\syswow64\SHLWAPI.dll
0x74bc0000 - 0x75809000 	C:\Windows\syswow64\SHELL32.dll
0x709f0000 - 0x70a01000 	C:\Windows\system32\NETAPI32.dll
0x709e0000 - 0x709e9000 	C:\Windows\system32\netutils.dll
0x70890000 - 0x708a9000 	C:\Windows\system32\srvcli.dll
0x735e0000 - 0x735ef000 	C:\Windows\system32\wkscli.dll
0x74b40000 - 0x74b75000 	C:\Windows\syswow64\WS2_32.dll
0x772c0000 - 0x772c6000 	C:\Windows\syswow64\NSI.dll
0x79a80000 - 0x79ad3000 	C:\Program Files (x86)\MATLAB\R2009a Student\bin\win32\mcr.dll
0x7adb0000 - 0x7adeb000 	C:\Program Files (x86)\MATLAB\R2009a Student\bin\win32\iqm.dll
0x7a080000 - 0x7a558000 	C:\Program Files (x86)\MATLAB\R2009a Student\bin\win32\m_interpreter.dll
0x7ae00000 - 0x7ae0c000 	C:\Program Files (x86)\MATLAB\R2009a Student\bin\win32\libmex.dll
0x79960000 - 0x799b7000 	C:\Program Files (x86)\MATLAB\R2009a Student\bin\win32\m_dispatcher.dll
0x78670000 - 0x7868c000 	C:\Program Files (x86)\MATLAB\R2009a Student\bin\win32\datasvcs.dll
0x78df0000 - 0x78fb2000 	C:\Program Files (x86)\MATLAB\R2009a Student\bin\win32\xerces-c_2_7.dll
0x00360000 - 0x003fd000 	C:\Program Files (x86)\MATLAB\R2009a Student\bin\win32\boost_regex-vc80-mt-1_36.dll
0x79870000 - 0x798c7000 	C:\Program Files (x86)\MATLAB\R2009a Student\bin\win32\profiler.dll
0x7ae60000 - 0x7ae7e000 	C:\Program Files (x86)\MATLAB\R2009a Student\bin\win32\libmwmathrng.dll
0x78720000 - 0x78732000 	C:\Program Files (x86)\MATLAB\R2009a Student\bin\win32\m_pcodeio.dll
0x794d0000 - 0x79507000 	C:\Program Files (x86)\MATLAB\R2009a Student\bin\win32\m_ir.dll
0x79b60000 - 0x7a077000 	C:\Program Files (x86)\MATLAB\R2009a Student\bin\win32\m_parser.dll
0x7adf0000 - 0x7adfe000 	C:\Program Files (x86)\MATLAB\R2009a Student\bin\win32\ir_xfmr.dll
0x78320000 - 0x78468000 	C:\Program Files (x86)\MATLAB\R2009a Student\bin\win32\mcos.dll
0x7aea0000 - 0x7aeaa000 	C:\Program Files (x86)\MATLAB\R2009a Student\bin\win32\mtok.dll
0x78700000 - 0x78716000 	C:\Program Files (x86)\MATLAB\R2009a Student\bin\win32\m_pcodegen.dll
0x78650000 - 0x7866b000 	C:\Program Files (x86)\MATLAB\R2009a Student\bin\win32\bridge.dll
0x7aae0000 - 0x7ab64000 	C:\Program Files (x86)\MATLAB\R2009a Student\bin\win32\udd.dll
0x7b7a0000 - 0x7b89b000 	C:\Program Files (x86)\MATLAB\R2009a Student\bin\win32\libmwgui.dll
0x78800000 - 0x789f1000 	C:\Program Files (x86)\MATLAB\R2009a Student\bin\win32\hg.dll
0x78690000 - 0x786b2000 	C:\Program Files (x86)\MATLAB\R2009a Student\bin\win32\libmat.dll
0x7b0d0000 - 0x7b275000 	C:\Program Files (x86)\MATLAB\R2009a Student\bin\win32\libhdf5.dll
0x793e0000 - 0x7941e000 	C:\Program Files (x86)\MATLAB\R2009a Student\bin\win32\jmi.dll
0x790f0000 - 0x7911c000 	C:\Program Files (x86)\MATLAB\R2009a Student\bin\win32\libmwhardcopy.dll
0x79490000 - 0x794c7000 	C:\Program Files (x86)\MATLAB\R2009a Student\bin\win32\libuij.dll
0x78d50000 - 0x78de5000 	C:\Program Files (x86)\MATLAB\R2009a Student\bin\win32\libmwmathlinalg.dll
0x78a60000 - 0x78d42000 	C:\Program Files (x86)\MATLAB\R2009a Student\bin\win32\libmwmathelem.dll
0x78a00000 - 0x78a52000 	C:\Program Files (x86)\MATLAB\R2009a Student\bin\win32\libmwmathcore.dll
0x798d0000 - 0x79917000 	C:\Program Files (x86)\MATLAB\R2009a Student\bin\win32\libmwcholmod.dll
0x7ae10000 - 0x7ae1a000 	C:\Program Files (x86)\MATLAB\R2009a Student\bin\win32\libmwamd.dll
0x7ae40000 - 0x7ae49000 	C:\Program Files (x86)\MATLAB\R2009a Student\bin\win32\libmwcolamd.dll
0x7ae30000 - 0x7ae3d000 	C:\Program Files (x86)\MATLAB\R2009a Student\bin\win32\libmwblas.dll
0x7ae20000 - 0x7ae2c000 	C:\Program Files (x86)\MATLAB\R2009a Student\bin\win32\libmwbinder.dll
0x786c0000 - 0x786f8000 	C:\Program Files (x86)\MATLAB\R2009a Student\bin\win32\libmwlapack.dll
0x6feb0000 - 0x6fee5000 	C:\Program Files (x86)\MATLAB\R2009a Student\bin\win32\libmwrookfastbp.dll
0x79120000 - 0x7915c000 	C:\Program Files (x86)\MATLAB\R2009a Student\bin\win32\libmwma57.dll
0x7aef0000 - 0x7afd9000 	C:\Program Files (x86)\MATLAB\R2009a Student\bin\win32\libifcoremd.dll
0x79550000 - 0x79813000 	C:\Program Files (x86)\MATLAB\R2009a Student\bin\win32\libmmd.dll
0x7ae50000 - 0x7ae5c000 	C:\Program Files (x86)\MATLAB\R2009a Student\bin\win32\libmwcsparse.dll
0x79a20000 - 0x79a73000 	C:\Program Files (x86)\MATLAB\R2009a Student\bin\win32\libmwumfpack.dll
0x00f30000 - 0x00fd7000 	C:\Program Files (x86)\MATLAB\R2009a Student\bin\win32\hgdatatypes.dll
0x7ab70000 - 0x7ad89000 	C:\Program Files (x86)\MATLAB\R2009a Student\bin\win32\uiw.dll
0x7aee0000 - 0x7aee9000 	C:\Program Files (x86)\MATLAB\R2009a Student\bin\win32\uinone.dll
0x53670000 - 0x5377f000 	C:\Windows\WinSxS\x86_microsoft.vc80.mfc_1fc8b3b9a1e18e3b_8.0.50727.6195_none_cbf5e994470a1a8f\MFC80.DLL
0x70770000 - 0x707c1000 	C:\Windows\system32\WINSPOOL.DRV
0x75810000 - 0x7596c000 	C:\Windows\syswow64\ole32.dll
0x76880000 - 0x7690f000 	C:\Windows\syswow64\OLEAUT32.dll
0x79ae0000 - 0x79b55000 	C:\Program Files (x86)\MATLAB\R2009a Student\bin\win32\udd_mi.dll
0x78740000 - 0x78753000 	C:\Program Files (x86)\MATLAB\R2009a Student\bin\win32\mwoles05.DLL
0x79820000 - 0x79864000 	C:\Program Files (x86)\MATLAB\R2009a Student\bin\win32\comcli.dll
0x6b540000 - 0x6b55b000 	C:\Windows\WinSxS\x86_microsoft.vc80.atl_1fc8b3b9a1e18e3b_8.0.50727.6195_none_d1cb102c435421de\ATL80.DLL
0x7ae90000 - 0x7ae9b000 	C:\Program Files (x86)\MATLAB\R2009a Student\bin\win32\mlautoregister.dll
0x75c40000 - 0x75ca0000 	C:\Windows\system32\IMM32.DLL
0x75e80000 - 0x75f4c000 	C:\Windows\syswow64\MSCTF.dll
0x6fc00000 - 0x6fc10000 	C:\Windows\WinSxS\x86_microsoft.vc80.mfcloc_1fc8b3b9a1e18e3b_8.0.50727.6195_none_03ce2c72205943d3\MFC80DEU.DLL
0x708b0000 - 0x70930000 	C:\Windows\system32\uxtheme.dll
0x03880000 - 0x0388e000 	C:\Program Files (x86)\Iminent\Iminent.WinCore.dll
0x74680000 - 0x74689000 	C:\Windows\system32\VERSION.dll
0x6fbf0000 - 0x6fbf9000 	C:\ProgramData\Real\RealPlayer\BrowserRecordPlugin\Chrome\Hook\rpchrome150browserrecordhelper.dll
0x73b50000 - 0x73bf3000 	C:\Windows\WinSxS\x86_microsoft.vc90.crt_1fc8b3b9a1e18e3b_9.0.30729.6161_none_50934f2ebcb7eb57\MSVCR90.dll
0x74270000 - 0x7427b000 	C:\Windows\system32\profapi.dll
0x74210000 - 0x7422c000 	C:\Windows\system32\iphlpapi.dll
0x74200000 - 0x74207000 	C:\Windows\system32\WINNSI.DLL
0x73060000 - 0x730a4000 	C:\Windows\system32\DNSAPI.dll
0x6fc10000 - 0x6fc22000 	C:\Windows\system32\dhcpcsvc.DLL
0x6e140000 - 0x6e14d000 	C:\Windows\system32\dhcpcsvc6.DLL
0x79190000 - 0x793e0000 	C:\Program Files (x86)\MATLAB\R2009a Student\sys\java\jre\win32\jre\bin\client\jvm.dll
0x744d0000 - 0x74502000 	C:\Windows\system32\WINMM.dll
0x6ffa0000 - 0x6fff6000 	C:\Program Files (x86)\MATLAB\R2009a Student\bin\win32\MSVCR71.dll
0x703d0000 - 0x7041b000 	C:\Windows\system32\apphelp.dll
0x68fd0000 - 0x690bb000 	C:\Windows\syswow64\dbghelp.dll
0x762e0000 - 0x76363000 	C:\Windows\syswow64\CLBCatQ.DLL
0x6da80000 - 0x6dab6000 	C:\Program Files\WIDCOMM\Bluetooth Software\SysWOW64\BtMmHook.dll
0x79920000 - 0x79928000 	C:\Program Files (x86)\MATLAB\R2009a Student\sys\java\jre\win32\jre\bin\hpi.dll
0x79940000 - 0x7994c000 	C:\Program Files (x86)\MATLAB\R2009a Student\sys\java\jre\win32\jre\bin\verify.dll
0x787c0000 - 0x787df000 	C:\Program Files (x86)\MATLAB\R2009a Student\sys\java\jre\win32\jre\bin\java.dll
0x79950000 - 0x7995f000 	C:\Program Files (x86)\MATLAB\R2009a Student\sys\java\jre\win32\jre\bin\zip.dll
0x78760000 - 0x78778000 	C:\Program Files (x86)\MATLAB\R2009a Student\bin\win32\nativejava.dll
0x78780000 - 0x7879d000 	C:\Program Files (x86)\MATLAB\R2009a Student\bin\win32\nativejmi.dll
0x7aed0000 - 0x7aed6000 	C:\Program Files (x86)\MATLAB\R2009a Student\bin\win32\nativeservices.dll
0x78fc0000 - 0x790ee000 	C:\Program Files (x86)\MATLAB\R2009a Student\sys\java\jre\win32\jre\bin\awt.dll

VM Arguments:
jvm_args: -Xss512k -XX:PermSize=32m -Xms64m -XX:NewRatio=3 -XX:MaxPermSize=64m -Xmx128m -XX:MaxDirectMemorySize=1200000000 -Dsun.java2d.noddraw=true -Dsun.awt.nopixfmt=true -Xshare:off -Xrs -Djava.library.path=C:\Program Files (x86)\MATLAB\R2009a Student\bin\win32 vfprintf abort 
java_command: <unknown>
Launcher Type: generic

Environment Variables:
CLASSPATH=.;C:\Program Files (x86)\Java\jre6\lib\ext\QTJava.zip
PATH=C:\Program Files\Common Files\Microsoft Shared\Windows Live;C:\Program Files (x86)\Common Files\Microsoft Shared\Windows Live;C:\Windows\system32;C:\Windows;C:\Windows\System32\Wbem;C:\Windows\System32\WindowsPowerShell\v1.0\;C:\Program Files (x86)\Windows Live\Shared;C:\Program Files (x86)\Microsoft SQL Server\100\Tools\Binn\;C:\Program Files\Microsoft SQL Server\100\Tools\Binn\;C:\Program Files\Microsoft SQL Server\100\DTS\Binn\;C:\Program Files (x86)\QuickTime\QTSystem\;C:\Program Files\WIDCOMM\Bluetooth Software\;C:\Program Files\WIDCOMM\Bluetooth Software\syswow64;C:\Program Files (x86)\MATLAB\R2009a Student\bin;C:\Program Files (x86)\MATLAB\R2009a Student\bin\win32;C:\RailsInstaller\Git\cmd;C:\RailsInstaller\Ruby1.9.3\bin;C:\Program Files (x86)\Google\google_appengine\
USERNAME=RalphFehrer
OS=Windows_NT
PROCESSOR_IDENTIFIER=Intel64 Family 6 Model 23 Stepping 6, GenuineIntel



---------------  S Y S T E M  ---------------

OS: Windows NT 6.1 Build 7600 

CPU:total 2 (2 cores per cpu, 1 threads per core) family 6 model 7 stepping 6, cmov, cx8, fxsr, mmx, sse, sse2, sse3, ssse3

Memory: 4k page, physical 4194303k(4128168k free), swap 4194303k(4194303k free)

vm_info: Java HotSpot(TM) Client VM (10.0-b19) for windows-x86 JRE (1.6.0_04-b12), built on Dec 14 2007 00:51:20 by "java_re" with MS VC++ 7.1

time: Sun May 05 19:24:13 2013
elapsed time: 22 seconds

