#
# An unexpected error has been detected by Java Runtime Environment:
#
#  EXCEPTION_ACCESS_VIOLATION (0xc0000005) at pc=0x795347c6, pid=7424, tid=7856
#
# Java VM: Java HotSpot(TM) Client VM (10.0-b19 mixed mode windows-x86)
# Problematic frame:
# C  [mpath.dll+0x247c6]
#
# If you would like to submit a bug report, please visit:
#   http://java.sun.com/webapps/bugreport/crash.jsp
# The crash happened outside the Java Virtual Machine in native code.
# See problematic frame for where to report the bug.
#

---------------  T H R E A D  ---------------

Current thread (0x074c2000):  JavaThread "main" [_thread_in_native, id=7856, stack(0x00430000,0x00c30000)]

siginfo: ExceptionCode=0xc0000005, writing address 0x79530034

Registers:
EAX=0x79530034, EBX=0x20fbc6c8, ECX=0x0eb0d490, EDX=0x795347c6
ESP=0x00c2a7a4, EBP=0x00c2a7b4, ESI=0x0eb0d490, EDI=0x0eb0d490
EIP=0x795347c6, EFLAGS=0x00210246

Top of Stack: (sp=0x00c2a7a4)
0x00c2a7a4:   79527d7b 00000001 20fbd708 0eaf8b88
0x00c2a7b4:   00c2a7cc 79518732 20fbd708 20fbd708
0x00c2a7c4:   0eb0ef70 00000003 00c2a7fc 79519e88
0x00c2a7d4:   20fbd708 0eb0ef70 0eb0ef70 7b291e70
0x00c2a7e4:   7951a9e5 0eb0a9c0 79527431 00000000
0x00c2a7f4:   0eb0a9c0 7b291e70 00c2a824 7952751f
0x00c2a804:   0eb0ef70 00000000 0eb0a9c0 00c2a864
0x00c2a814:   0eb0a9c0 00c2a864 79532cab 00000000 

Instructions: (pc=0x795347c6)
0x795347b6:   73 22 3e 0a 00 00 77 00 00 00 70 00 00 00 6d 00
0x795347c6:   00 00 88 59 53 79 20 41 51 79 24 0e 53 79 08 5a 


Stack: [0x00430000,0x00c30000],  sp=0x00c2a7a4,  free space=8169k
Native frames: (J=compiled Java code, j=interpreted, Vv=VM code, C=native code)
C  [mpath.dll+0x247c6]
C  [mpath.dll+0x8732]
C  [mpath.dll+0x9e88]
C  [mpath.dll+0x1751f]
C  [mpath.dll+0x17bfb]
C  [mpath.dll+0x11d7a]
C  [mpath.dll+0x11f31]
C  [m_dispatcher.dll+0x17fe0]
C  [m_dispatcher.dll+0x18087]
C  [m_interpreter.dll+0xd027c]
C  [m_interpreter.dll+0xc8d74]
C  [mcr.dll+0x2ddf7]
C  [m_dispatcher.dll+0x6dac]
C  [m_dispatcher.dll+0x6eb1]
C  [m_dispatcher.dll+0x3f6b]
C  [m_dispatcher.dll+0x6dac]
C  [m_dispatcher.dll+0x6eb1]
C  [m_interpreter.dll+0xa6fcd]
C  [m_interpreter.dll+0xa1da6]
C  [m_interpreter.dll+0x111f1]
C  [nativejmi.dll+0x27b2]
C  [nativejmi.dll+0x2f32]
C  [nativejmi.dll+0x29ea]
C  [nativejmi.dll+0x6ebd]
C  [nativejmi.dll+0x6f83]
v  ~BufferBlob::Interpreter
v  ~BufferBlob::Interpreter
v  ~BufferBlob::Interpreter
v  ~BufferBlob::Interpreter
v  ~BufferBlob::Interpreter
v  ~BufferBlob::Interpreter
v  ~BufferBlob::StubRoutines (1)

Java frames: (J=compiled Java code, j=interpreted, Vv=VM code)
v  ~BufferBlob::Interpreter
v  ~BufferBlob::Interpreter
v  ~BufferBlob::Interpreter
v  ~BufferBlob::Interpreter
v  ~BufferBlob::Interpreter
v  ~BufferBlob::Interpreter
v  ~BufferBlob::StubRoutines (1)

---------------  P R O C E S S  ---------------

Java Threads: ( => current thread )
  0x0bb12000 JavaThread "Timer-19" [_thread_blocked, id=6116, stack(0x0d630000,0x0d6b0000)]
  0x0bb0f400 JavaThread "Thread-38" [_thread_in_native, id=4044, stack(0x1c010000,0x1c810000)]
  0x0bb0f800 JavaThread "Prefs Updater" [_thread_blocked, id=572, stack(0x0edf0000,0x0ee70000)]
  0x0bb0dc00 JavaThread "Active Reference Queue Daemon" daemon [_thread_blocked, id=7924, stack(0x0de50000,0x0ded0000)]
  0x0bb0d400 JavaThread "Timer-9" daemon [_thread_blocked, id=7012, stack(0x0dd70000,0x0ddf0000)]
  0x0bb0cc00 JavaThread "Timer-8" daemon [_thread_blocked, id=7352, stack(0x0dc10000,0x0dc90000)]
  0x0bbb4800 JavaThread "Timer-1" [_thread_blocked, id=7368, stack(0x0c7f0000,0x0c870000)]
  0x0b7a7800 JavaThread "TimerQueue" daemon [_thread_blocked, id=7440, stack(0x0c730000,0x0c7b0000)]
  0x0b75e800 JavaThread "AWT-EventQueue-0" [_thread_blocked, id=7672, stack(0x0c650000,0x0c6d0000)]
  0x0b75e000 JavaThread "AWT-Shutdown" [_thread_blocked, id=7928, stack(0x0c590000,0x0c610000)]
  0x0b984800 JavaThread "AWT-Windows" daemon [_thread_in_native, id=3336, stack(0x0c3d0000,0x0c450000)]
  0x0b983000 JavaThread "Java2D Disposer" daemon [_thread_blocked, id=7624, stack(0x0c250000,0x0c2d0000)]
  0x0b27d800 JavaThread "Timer-0" [_thread_blocked, id=8068, stack(0x0b4a0000,0x0b520000)]
  0x0b274400 JavaThread "JMI Unnamed Thread" [_thread_in_native, id=7784, stack(0x04840000,0x05040000)]
  0x07569c00 JavaThread "Low Memory Detector" daemon [_thread_blocked, id=4496, stack(0x0a9a0000,0x0aa20000)]
  0x07565800 JavaThread "CompilerThread0" daemon [_thread_blocked, id=6716, stack(0x0a160000,0x0a960000)]
  0x0755d000 JavaThread "Attach Listener" daemon [_thread_blocked, id=1872, stack(0x0a0a0000,0x0a120000)]
  0x07543800 JavaThread "Finalizer" daemon [_thread_blocked, id=7544, stack(0x09fe0000,0x0a060000)]
  0x07542800 JavaThread "Reference Handler" daemon [_thread_blocked, id=7148, stack(0x09f20000,0x09fa0000)]
=>0x074c2000 JavaThread "main" [_thread_in_native, id=7856, stack(0x00430000,0x00c30000)]

Other Threads:
  0x0753e000 VMThread [stack: 0x096e0000,0x09ee0000] [id=7980]
  0x0757e400 WatcherThread [stack: 0x0aa60000,0x0b260000] [id=4100]

VM state:not at safepoint (normal execution)

VM Mutex/Monitor currently owned by a thread: None

Heap
 def new generation   total 14784K, used 7746K [0x10010000, 0x11010000, 0x12010000)
  eden space 13184K,  53% used [0x10010000, 0x106f4a08, 0x10cf0000)
  from space 1600K,  42% used [0x10e80000, 0x10f2bf00, 0x11010000)
  to   space 1600K,   0% used [0x10cf0000, 0x10cf0000, 0x10e80000)
 tenured generation   total 49152K, used 45843K [0x12010000, 0x15010000, 0x18010000)
   the space 49152K,  93% used [0x12010000, 0x14cd4eb0, 0x14cd5000, 0x15010000)
 compacting perm gen  total 35328K, used 35185K [0x18010000, 0x1a290000, 0x1c010000)
   the space 35328K,  99% used [0x18010000, 0x1a26c6f0, 0x1a26c800, 0x1a290000)
No shared spaces configured.

Dynamic libraries:
0x00400000 - 0x0042f000 	C:\Program Files (x86)\MATLAB\R2009a Student\bin\win32\matlab.exe
0x77540000 - 0x776c0000 	C:\Windows\SysWOW64\ntdll.dll
0x756f0000 - 0x75800000 	C:\Windows\syswow64\kernel32.dll
0x74c80000 - 0x74cc7000 	C:\Windows\syswow64\KERNELBASE.dll
0x7b280000 - 0x7b34a000 	C:\Program Files (x86)\MATLAB\R2009a Student\bin\win32\libut.dll
0x74d00000 - 0x74d2a000 	C:\Windows\syswow64\imagehlp.dll
0x74d90000 - 0x74e3c000 	C:\Windows\syswow64\msvcrt.dll
0x76840000 - 0x768e0000 	C:\Windows\syswow64\ADVAPI32.dll
0x74cd0000 - 0x74ce9000 	C:\Windows\SysWOW64\sechost.dll
0x76750000 - 0x76840000 	C:\Windows\syswow64\RPCRT4.dll
0x74c20000 - 0x74c80000 	C:\Windows\syswow64\SspiCli.dll
0x74c10000 - 0x74c1c000 	C:\Windows\syswow64\CRYPTBASE.dll
0x753c0000 - 0x753c5000 	C:\Windows\syswow64\PSAPI.DLL
0x7bba0000 - 0x7bbbf000 	C:\Program Files (x86)\MATLAB\R2009a Student\bin\win32\LIBEXPAT.dll
0x748f0000 - 0x7498b000 	C:\Windows\WinSxS\x86_microsoft.vc80.crt_1fc8b3b9a1e18e3b_8.0.50727.6195_none_d09154e044272b9a\MSVCR80.dll
0x7b6b0000 - 0x7b791000 	C:\Program Files (x86)\MATLAB\R2009a Student\bin\win32\icuuc38.dll
0x7ad90000 - 0x7ad94000 	C:\Program Files (x86)\MATLAB\R2009a Student\bin\win32\icudt38.dll
0x7ada0000 - 0x7adac000 	C:\Program Files (x86)\MATLAB\R2009a Student\bin\win32\icuio38.dll
0x7afe0000 - 0x7b0c4000 	C:\Program Files (x86)\MATLAB\R2009a Student\bin\win32\icuin38.dll
0x74990000 - 0x74a17000 	C:\Windows\WinSxS\x86_microsoft.vc80.crt_1fc8b3b9a1e18e3b_8.0.50727.6195_none_d09154e044272b9a\MSVCP80.dll
0x76450000 - 0x76550000 	C:\Windows\syswow64\USER32.dll
0x74ea0000 - 0x74f30000 	C:\Windows\syswow64\GDI32.dll
0x74cf0000 - 0x74cfa000 	C:\Windows\syswow64\LPK.dll
0x76ad0000 - 0x76b6e000 	C:\Windows\syswow64\USP10.dll
0x782e0000 - 0x78317000 	C:\Program Files (x86)\MATLAB\R2009a Student\bin\win32\libmwfl.dll
0x10000000 - 0x1000e000 	C:\Program Files (x86)\MATLAB\R2009a Student\bin\win32\boost_date_time-vc80-mt-1_36.dll
0x00180000 - 0x00190000 	C:\Program Files (x86)\MATLAB\R2009a Student\bin\win32\boost_signals-vc80-mt-1_36.dll
0x001a0000 - 0x001a7000 	C:\Program Files (x86)\MATLAB\R2009a Student\bin\win32\boost_system-vc80-mt-1_36.dll
0x001c0000 - 0x001cc000 	C:\Program Files (x86)\MATLAB\R2009a Student\bin\win32\boost_thread-vc80-mt-1_36.dll
0x7b3b0000 - 0x7b59a000 	C:\Program Files (x86)\MATLAB\R2009a Student\bin\win32\libmwservices.dll
0x7b350000 - 0x7b3aa000 	C:\Program Files (x86)\MATLAB\R2009a Student\bin\win32\libmx.dll
0x787a0000 - 0x787b3000 	C:\Program Files (x86)\MATLAB\R2009a Student\bin\win32\zlib1.dll
0x7b5a0000 - 0x7b6af000 	C:\Program Files (x86)\MATLAB\R2009a Student\bin\win32\libmwmathutil.dll
0x79510000 - 0x79543000 	C:\Program Files (x86)\MATLAB\R2009a Student\bin\win32\mpath.dll
0x6fef0000 - 0x6ff1f000 	C:\Program Files (x86)\MATLAB\R2009a Student\bin\win32\mlutil.dll
0x002b0000 - 0x002e9000 	C:\Program Files (x86)\MATLAB\R2009a Student\bin\win32\tbb.dll
0x6daa0000 - 0x6db24000 	C:\Windows\WinSxS\x86_microsoft.windows.common-controls_6595b64144ccf1df_5.82.7600.16661_none_ebfb56996c72aefc\COMCTL32.dll
0x76c00000 - 0x76c7b000 	C:\Windows\syswow64\comdlg32.dll
0x74e40000 - 0x74e97000 	C:\Windows\syswow64\SHLWAPI.dll
0x75800000 - 0x76449000 	C:\Windows\syswow64\SHELL32.dll
0x6f250000 - 0x6f261000 	C:\Windows\system32\NETAPI32.dll
0x6f2b0000 - 0x6f2b9000 	C:\Windows\system32\netutils.dll
0x6f230000 - 0x6f249000 	C:\Windows\system32\srvcli.dll
0x6f220000 - 0x6f22f000 	C:\Windows\system32\wkscli.dll
0x752e0000 - 0x75315000 	C:\Windows\syswow64\WS2_32.dll
0x75320000 - 0x75326000 	C:\Windows\syswow64\NSI.dll
0x79a80000 - 0x79ad3000 	C:\Program Files (x86)\MATLAB\R2009a Student\bin\win32\mcr.dll
0x7adb0000 - 0x7adeb000 	C:\Program Files (x86)\MATLAB\R2009a Student\bin\win32\iqm.dll
0x7a080000 - 0x7a558000 	C:\Program Files (x86)\MATLAB\R2009a Student\bin\win32\m_interpreter.dll
0x7ae00000 - 0x7ae0c000 	C:\Program Files (x86)\MATLAB\R2009a Student\bin\win32\libmex.dll
0x79960000 - 0x799b7000 	C:\Program Files (x86)\MATLAB\R2009a Student\bin\win32\m_dispatcher.dll
0x78670000 - 0x7868c000 	C:\Program Files (x86)\MATLAB\R2009a Student\bin\win32\datasvcs.dll
0x78df0000 - 0x78fb2000 	C:\Program Files (x86)\MATLAB\R2009a Student\bin\win32\xerces-c_2_7.dll
0x00360000 - 0x003fd000 	C:\Program Files (x86)\MATLAB\R2009a Student\bin\win32\boost_regex-vc80-mt-1_36.dll
0x79870000 - 0x798c7000 	C:\Program Files (x86)\MATLAB\R2009a Student\bin\win32\profiler.dll
0x7ae60000 - 0x7ae7e000 	C:\Program Files (x86)\MATLAB\R2009a Student\bin\win32\libmwmathrng.dll
0x78720000 - 0x78732000 	C:\Program Files (x86)\MATLAB\R2009a Student\bin\win32\m_pcodeio.dll
0x794d0000 - 0x79507000 	C:\Program Files (x86)\MATLAB\R2009a Student\bin\win32\m_ir.dll
0x79b60000 - 0x7a077000 	C:\Program Files (x86)\MATLAB\R2009a Student\bin\win32\m_parser.dll
0x7adf0000 - 0x7adfe000 	C:\Program Files (x86)\MATLAB\R2009a Student\bin\win32\ir_xfmr.dll
0x78320000 - 0x78468000 	C:\Program Files (x86)\MATLAB\R2009a Student\bin\win32\mcos.dll
0x7aea0000 - 0x7aeaa000 	C:\Program Files (x86)\MATLAB\R2009a Student\bin\win32\mtok.dll
0x78700000 - 0x78716000 	C:\Program Files (x86)\MATLAB\R2009a Student\bin\win32\m_pcodegen.dll
0x78650000 - 0x7866b000 	C:\Program Files (x86)\MATLAB\R2009a Student\bin\win32\bridge.dll
0x7aae0000 - 0x7ab64000 	C:\Program Files (x86)\MATLAB\R2009a Student\bin\win32\udd.dll
0x7b7a0000 - 0x7b89b000 	C:\Program Files (x86)\MATLAB\R2009a Student\bin\win32\libmwgui.dll
0x78800000 - 0x789f1000 	C:\Program Files (x86)\MATLAB\R2009a Student\bin\win32\hg.dll
0x78690000 - 0x786b2000 	C:\Program Files (x86)\MATLAB\R2009a Student\bin\win32\libmat.dll
0x7b0d0000 - 0x7b275000 	C:\Program Files (x86)\MATLAB\R2009a Student\bin\win32\libhdf5.dll
0x793e0000 - 0x7941e000 	C:\Program Files (x86)\MATLAB\R2009a Student\bin\win32\jmi.dll
0x790f0000 - 0x7911c000 	C:\Program Files (x86)\MATLAB\R2009a Student\bin\win32\libmwhardcopy.dll
0x79490000 - 0x794c7000 	C:\Program Files (x86)\MATLAB\R2009a Student\bin\win32\libuij.dll
0x78d50000 - 0x78de5000 	C:\Program Files (x86)\MATLAB\R2009a Student\bin\win32\libmwmathlinalg.dll
0x78a60000 - 0x78d42000 	C:\Program Files (x86)\MATLAB\R2009a Student\bin\win32\libmwmathelem.dll
0x78a00000 - 0x78a52000 	C:\Program Files (x86)\MATLAB\R2009a Student\bin\win32\libmwmathcore.dll
0x798d0000 - 0x79917000 	C:\Program Files (x86)\MATLAB\R2009a Student\bin\win32\libmwcholmod.dll
0x7ae10000 - 0x7ae1a000 	C:\Program Files (x86)\MATLAB\R2009a Student\bin\win32\libmwamd.dll
0x7ae40000 - 0x7ae49000 	C:\Program Files (x86)\MATLAB\R2009a Student\bin\win32\libmwcolamd.dll
0x7ae30000 - 0x7ae3d000 	C:\Program Files (x86)\MATLAB\R2009a Student\bin\win32\libmwblas.dll
0x7ae20000 - 0x7ae2c000 	C:\Program Files (x86)\MATLAB\R2009a Student\bin\win32\libmwbinder.dll
0x786c0000 - 0x786f8000 	C:\Program Files (x86)\MATLAB\R2009a Student\bin\win32\libmwlapack.dll
0x6feb0000 - 0x6fee5000 	C:\Program Files (x86)\MATLAB\R2009a Student\bin\win32\libmwrookfastbp.dll
0x79120000 - 0x7915c000 	C:\Program Files (x86)\MATLAB\R2009a Student\bin\win32\libmwma57.dll
0x7aef0000 - 0x7afd9000 	C:\Program Files (x86)\MATLAB\R2009a Student\bin\win32\libifcoremd.dll
0x79550000 - 0x79813000 	C:\Program Files (x86)\MATLAB\R2009a Student\bin\win32\libmmd.dll
0x7ae50000 - 0x7ae5c000 	C:\Program Files (x86)\MATLAB\R2009a Student\bin\win32\libmwcsparse.dll
0x79a20000 - 0x79a73000 	C:\Program Files (x86)\MATLAB\R2009a Student\bin\win32\libmwumfpack.dll
0x00f30000 - 0x00fd7000 	C:\Program Files (x86)\MATLAB\R2009a Student\bin\win32\hgdatatypes.dll
0x7ab70000 - 0x7ad89000 	C:\Program Files (x86)\MATLAB\R2009a Student\bin\win32\uiw.dll
0x7aee0000 - 0x7aee9000 	C:\Program Files (x86)\MATLAB\R2009a Student\bin\win32\uinone.dll
0x595c0000 - 0x596cf000 	C:\Windows\WinSxS\x86_microsoft.vc80.mfc_1fc8b3b9a1e18e3b_8.0.50727.6195_none_cbf5e994470a1a8f\MFC80.DLL
0x6f2c0000 - 0x6f311000 	C:\Windows\system32\WINSPOOL.DRV
0x74f30000 - 0x7508c000 	C:\Windows\syswow64\ole32.dll
0x75250000 - 0x752df000 	C:\Windows\syswow64\OLEAUT32.dll
0x79ae0000 - 0x79b55000 	C:\Program Files (x86)\MATLAB\R2009a Student\bin\win32\udd_mi.dll
0x78740000 - 0x78753000 	C:\Program Files (x86)\MATLAB\R2009a Student\bin\win32\mwoles05.DLL
0x79820000 - 0x79864000 	C:\Program Files (x86)\MATLAB\R2009a Student\bin\win32\comcli.dll
0x59850000 - 0x5986b000 	C:\Windows\WinSxS\x86_microsoft.vc80.atl_1fc8b3b9a1e18e3b_8.0.50727.6195_none_d1cb102c435421de\ATL80.DLL
0x7ae90000 - 0x7ae9b000 	C:\Program Files (x86)\MATLAB\R2009a Student\bin\win32\mlautoregister.dll
0x75690000 - 0x756f0000 	C:\Windows\system32\IMM32.DLL
0x76a00000 - 0x76acc000 	C:\Windows\syswow64\MSCTF.dll
0x72910000 - 0x72920000 	C:\Windows\WinSxS\x86_microsoft.vc80.mfcloc_1fc8b3b9a1e18e3b_8.0.50727.6195_none_03ce2c72205943d3\MFC80DEU.DLL
0x6f5c0000 - 0x6f640000 	C:\Windows\system32\uxtheme.dll
0x6e640000 - 0x6e649000 	C:\ProgramData\Real\RealPlayer\BrowserRecordPlugin\Chrome\Hook\rpchrome150browserrecordhelper.dll
0x74270000 - 0x74313000 	C:\Windows\WinSxS\x86_microsoft.vc90.crt_1fc8b3b9a1e18e3b_9.0.30729.6161_none_50934f2ebcb7eb57\MSVCR90.dll
0x744c0000 - 0x744cb000 	C:\Windows\system32\profapi.dll
0x74460000 - 0x7447c000 	C:\Windows\system32\iphlpapi.dll
0x74450000 - 0x74457000 	C:\Windows\system32\WINNSI.DLL
0x6f570000 - 0x6f5b4000 	C:\Windows\system32\DNSAPI.dll
0x6d240000 - 0x6d252000 	C:\Windows\system32\dhcpcsvc.DLL
0x6da60000 - 0x6da6d000 	C:\Windows\system32\dhcpcsvc6.DLL
0x75330000 - 0x753b3000 	C:\Windows\syswow64\CLBCatQ.DLL
0x79190000 - 0x793e0000 	C:\Program Files (x86)\MATLAB\R2009a Student\sys\java\jre\win32\jre\bin\client\jvm.dll
0x74720000 - 0x74752000 	C:\Windows\system32\WINMM.dll
0x6ffa0000 - 0x6fff6000 	C:\Program Files (x86)\MATLAB\R2009a Student\bin\win32\MSVCR71.dll
0x70d70000 - 0x70dbb000 	C:\Windows\system32\apphelp.dll
0x6c7a0000 - 0x6c7d6000 	C:\Program Files\WIDCOMM\Bluetooth Software\SysWOW64\BtMmHook.dll
0x57dc0000 - 0x57eab000 	C:\Windows\syswow64\dbghelp.dll
0x79920000 - 0x79928000 	C:\Program Files (x86)\MATLAB\R2009a Student\sys\java\jre\win32\jre\bin\hpi.dll
0x79940000 - 0x7994c000 	C:\Program Files (x86)\MATLAB\R2009a Student\sys\java\jre\win32\jre\bin\verify.dll
0x787c0000 - 0x787df000 	C:\Program Files (x86)\MATLAB\R2009a Student\sys\java\jre\win32\jre\bin\java.dll
0x79950000 - 0x7995f000 	C:\Program Files (x86)\MATLAB\R2009a Student\sys\java\jre\win32\jre\bin\zip.dll
0x78760000 - 0x78778000 	C:\Program Files (x86)\MATLAB\R2009a Student\bin\win32\nativejava.dll
0x78780000 - 0x7879d000 	C:\Program Files (x86)\MATLAB\R2009a Student\bin\win32\nativejmi.dll
0x7aed0000 - 0x7aed6000 	C:\Program Files (x86)\MATLAB\R2009a Student\bin\win32\nativeservices.dll
0x78fc0000 - 0x790ee000 	C:\Program Files (x86)\MATLAB\R2009a Student\sys\java\jre\win32\jre\bin\awt.dll
0x737f0000 - 0x73803000 	C:\Windows\system32\dwmapi.dll
0x799c0000 - 0x79a13000 	C:\Program Files (x86)\MATLAB\R2009a Student\sys\java\jre\win32\jre\bin\fontmanager.dll

VM Arguments:
jvm_args: -Xss512k -XX:PermSize=32m -Xms64m -XX:NewRatio=3 -XX:MaxPermSize=64m -Xmx128m -XX:MaxDirectMemorySize=1200000000 -Dsun.java2d.noddraw=true -Dsun.awt.nopixfmt=true -Xshare:off -Xrs -Djava.library.path=C:\Program Files (x86)\MATLAB\R2009a Student\bin\win32 vfprintf abort 
java_command: <unknown>
Launcher Type: generic

Environment Variables:
CLASSPATH=.;C:\Program Files (x86)\Java\jre6\lib\ext\QTJava.zip
PATH=C:\Program Files (x86)\MATLAB\R2009a Student\sys\java\jre\win32\jre\bin;C:\Program Files (x86)\MATLAB\R2009a Student\sys\webrenderer\windows\corecomponents;C:\Program Files (x86)\MATLAB\R2009a Student\sys\webrenderer\windows;C:\Program Files\Common Files\Microsoft Shared\Windows Live;C:\Program Files (x86)\Common Files\Microsoft Shared\Windows Live;C:\Windows\system32;C:\Windows;C:\Windows\System32\Wbem;C:\Windows\System32\WindowsPowerShell\v1.0\;C:\Program Files (x86)\Windows Live\Shared;C:\Program Files (x86)\Microsoft SQL Server\100\Tools\Binn\;C:\Program Files\Microsoft SQL Server\100\Tools\Binn\;C:\Program Files\Microsoft SQL Server\100\DTS\Binn\;C:\Program Files (x86)\QuickTime\QTSystem\;C:\Program Files\WIDCOMM\Bluetooth Software\;C:\Program Files\WIDCOMM\Bluetooth Software\syswow64;C:\Program Files (x86)\MATLAB\R2009a Student\bin;C:\Program Files (x86)\MATLAB\R2009a Student\bin\win32;C:\RailsInstaller\Git\cmd;C:\RailsInstaller\Ruby1.9.3\bin;C:\Program Files (x86)\Google\google_appengine\
USERNAME=RalphFehrer
OS=Windows_NT
PROCESSOR_IDENTIFIER=Intel64 Family 6 Model 23 Stepping 6, GenuineIntel



---------------  S Y S T E M  ---------------

OS: Windows NT 6.1 Build 7600 

CPU:total 2 (2 cores per cpu, 1 threads per core) family 6 model 7 stepping 6, cmov, cx8, fxsr, mmx, sse, sse2, sse3, ssse3

Memory: 4k page, physical 4194303k(4194303k free), swap 4194303k(4194303k free)

vm_info: Java HotSpot(TM) Client VM (10.0-b19) for windows-x86 JRE (1.6.0_04-b12), built on Dec 14 2007 00:51:20 by "java_re" with MS VC++ 7.1

time: Sat Apr 06 17:27:12 2013
elapsed time: 15169 seconds

